This file contains any messages produced by compilers while
running configure, to aid debugging if configure makes a mistake.

configure:540: checking for less
configure:573: checking for gcc
configure:686: checking whether the C compiler (gcc   ) works
configure:702: gcc -o conftest    conftest.c  1>&5
configure:699:1: warning: return type defaults to 'int' [-Wimplicit-int]
  699 | main(){return(0);}
      | ^~~~
configure:728: checking whether the C compiler (gcc   ) is a cross-compiler
configure:733: checking whether we are using GNU C
configure:742: gcc -E conftest.c
configure:761: checking whether gcc accepts -g
configure:796: checking whether gcc -Wall also needs -Wno-char-subscripts
configure:815: gcc -c -g -O2 -Wall -Werror  conftest.c 1>&5
configure: In function 'main':
configure:807:6: error: variable 'i' set but not used [-Werror=unused-but-set-variable]
  807 |  int i; char c = '0';
      |      ^
cc1: all warnings being treated as errors
configure: failed program was:
#line 804 "configure"
#include "confdefs.h"
#include <ctype.h>
int main() {
 int i; char c = '0';
         i = isascii(c);
         i = isdigit(c);
         i = isprint(c);
       
; return 0; }
configure:832: checking whether gcc accepts -Wno-char-subscripts
configure:847: gcc -c -g -O2 -Wno-char-subscripts  conftest.c 1>&5
configure:880: checking for gethostbyaddr
configure:909: gcc -o conftest -g -O2   conftest.c  1>&5
configure:970: checking for socket
configure:999: gcc -o conftest -g -O2   conftest.c  1>&5
configure:1060: checking for malloc
configure:1089: gcc -o conftest -g -O2   conftest.c  1>&5
configure:1072:6: warning: conflicting types for built-in function 'malloc'; expected 'void *(long unsigned int)' [-Wbuiltin-declaration-mismatch]
 1072 | char malloc();
      |      ^~~~~~
configure:1069:1: note: 'malloc' is declared in header '<stdlib.h>'
 1068 | #include <assert.h>
  +++ |+#include <stdlib.h>
 1069 | /* Override any gcc2 internal prototype to avoid an error.  */
configure:1157: checking for crypt
configure:1186: gcc -o conftest -g -O2   conftest.c  1>&5
/usr/bin/ld: /tmp/ccaKQ73I.o: in function `main':
/home/linux8/circle30bpl22/conftest.c:1180:(.text.startup+0x7): undefined reference to `crypt'
collect2: error: ld returned 1 exit status
configure: failed program was:
#line 1162 "configure"
#include "confdefs.h"
/* System header to define __stub macros and hopefully few prototypes,
    which can conflict with char crypt(); below.  */
#include <assert.h>
/* Override any gcc2 internal prototype to avoid an error.  */
/* We use char because int might match the return type of a gcc2
    builtin and then its argument prototype would still apply.  */
char crypt();
char (*f)();

int main() {

/* The GNU C library defines this for functions which it implements
    to always fail with ENOSYS.  Some functions are actually named
    something starting with __ and the normal name is an alias.  */
#if defined (__stub_crypt) || defined (__stub___crypt)
choke me
#else
f = crypt;
#endif

; return 0; }
configure:1207: checking for crypt in -lcrypt
configure:1226: gcc -o conftest -g -O2   conftest.c -lcrypt   1>&5
configure:1254: checking how to run the C preprocessor
configure:1275: gcc -E  conftest.c >/dev/null 2>conftest.out
configure:1334: checking for ANSI C header files
configure:1347: gcc -E  conftest.c >/dev/null 2>conftest.out
configure:1414: gcc -o conftest -g -O2   conftest.c  1>&5
configure: In function 'main':
configure:1409:67: warning: implicit declaration of function 'exit' [-Wimplicit-function-declaration]
 1409 | if (XOR (islower (i), ISLOWER (i)) || toupper (i) != TOUPPER (i)) exit(2);
      |                                                                   ^~~~
configure:1405:1: note: include '<stdlib.h>' or provide a declaration of 'exit'
 1404 | #include <ctype.h>
  +++ |+#include <stdlib.h>
 1405 | #define ISLOWER(c) ('a' <= (c) && (c) <= 'z')
configure:1409:67: warning: incompatible implicit declaration of built-in function 'exit' [-Wbuiltin-declaration-mismatch]
 1409 | if (XOR (islower (i), ISLOWER (i)) || toupper (i) != TOUPPER (i)) exit(2);
      |                                                                   ^~~~
configure:1409:67: note: include '<stdlib.h>' or provide a declaration of 'exit'
configure:1410:1: warning: incompatible implicit declaration of built-in function 'exit' [-Wbuiltin-declaration-mismatch]
 1410 | exit (0); }
      | ^~~~
configure:1410:1: note: include '<stdlib.h>' or provide a declaration of 'exit'
configure:1438: checking for sys/wait.h that is POSIX.1 compatible
configure:1459: gcc -c -g -O2  conftest.c 1>&5
configure:1483: checking for fcntl.h
configure:1497: gcc -E  conftest.c >/dev/null 2>conftest.out
configure:1483: checking for sys/fcntl.h
configure:1497: gcc -E  conftest.c >/dev/null 2>conftest.out
configure:1483: checking for errno.h
configure:1497: gcc -E  conftest.c >/dev/null 2>conftest.out
configure:1483: checking for net/errno.h
configure:1497: gcc -E  conftest.c >/dev/null 2>conftest.out
configure:1493:10: fatal error: net/errno.h: No such file or directory
 1493 | #include <$ac_hdr>
      |          ^~~~~~~~~    
compilation terminated.
configure: failed program was:
#line 1488 "configure"
#include "confdefs.h"

#ifdef HAVE_STANDARDS_H
# include <standards.h>
#endif
#include <net/errno.h>
configure:1483: checking for string.h
configure:1497: gcc -E  conftest.c >/dev/null 2>conftest.out
configure:1483: checking for strings.h
configure:1497: gcc -E  conftest.c >/dev/null 2>conftest.out
configure:1527: checking for limits.h
configure:1541: gcc -E  conftest.c >/dev/null 2>conftest.out
configure:1527: checking for sys/time.h
configure:1541: gcc -E  conftest.c >/dev/null 2>conftest.out
configure:1527: checking for sys/select.h
configure:1541: gcc -E  conftest.c >/dev/null 2>conftest.out
configure:1527: checking for sys/types.h
configure:1541: gcc -E  conftest.c >/dev/null 2>conftest.out
configure:1527: checking for unistd.h
configure:1541: gcc -E  conftest.c >/dev/null 2>conftest.out
configure:1571: checking for memory.h
configure:1585: gcc -E  conftest.c >/dev/null 2>conftest.out
configure:1571: checking for crypt.h
configure:1585: gcc -E  conftest.c >/dev/null 2>conftest.out
configure:1571: checking for assert.h
configure:1585: gcc -E  conftest.c >/dev/null 2>conftest.out
configure:1571: checking for arpa/telnet.h
configure:1585: gcc -E  conftest.c >/dev/null 2>conftest.out
configure:1571: checking for arpa/inet.h
configure:1585: gcc -E  conftest.c >/dev/null 2>conftest.out
configure:1615: checking for sys/stat.h
configure:1629: gcc -E  conftest.c >/dev/null 2>conftest.out
configure:1615: checking for sys/socket.h
configure:1629: gcc -E  conftest.c >/dev/null 2>conftest.out
configure:1615: checking for sys/resource.h
configure:1629: gcc -E  conftest.c >/dev/null 2>conftest.out
configure:1615: checking for netinet/in.h
configure:1629: gcc -E  conftest.c >/dev/null 2>conftest.out
configure:1615: checking for netdb.h
configure:1629: gcc -E  conftest.c >/dev/null 2>conftest.out
configure:1659: checking for signal.h
configure:1673: gcc -E  conftest.c >/dev/null 2>conftest.out
configure:1659: checking for sys/uio.h
configure:1673: gcc -E  conftest.c >/dev/null 2>conftest.out
configure:1659: checking for mcheck.h
configure:1673: gcc -E  conftest.c >/dev/null 2>conftest.out
configure:1702: checking whether crypt needs over 10 characters
configure:1741: gcc -o conftest -g -O2   conftest.c -lcrypt  1>&5
configure: In function 'main':
configure:1734:5: warning: implicit declaration of function 'exit' [-Wimplicit-function-declaration]
 1734 |     exit(0);
      |     ^~~~
configure:1724:1: note: include '<stdlib.h>' or provide a declaration of 'exit'
 1723 | $use_crypt_header
  +++ |+#include <stdlib.h>
 1724 | 
configure:1734:5: warning: incompatible implicit declaration of built-in function 'exit' [-Wbuiltin-declaration-mismatch]
 1734 |     exit(0);
      |     ^~~~
configure:1734:5: note: include '<stdlib.h>' or provide a declaration of 'exit'
configure:1735:3: warning: incompatible implicit declaration of built-in function 'exit' [-Wbuiltin-declaration-mismatch]
 1735 |   exit(1);
      |   ^~~~
configure:1735:3: note: include '<stdlib.h>' or provide a declaration of 'exit'
configure: failed program was:
#line 1718 "configure"
#include "confdefs.h"

#define _XOPEN_SOURCE
#include <string.h>
#include <unistd.h>
#include <crypt.h>

int main(void)
{
  char pwd[11], pwd2[11];

  strncpy(pwd, (char *)crypt("FooBar", "BazQux"), 10);
  pwd[10] = '\0';
  strncpy(pwd2, (char *)crypt("xyzzy", "BazQux"), 10);
  pwd2[10] = '\0';
  if (strcmp(pwd, pwd2) == 0)
    exit(0);
  exit(1);
}


configure:1768: checking for working const
configure:1822: gcc -c -g -O2  conftest.c 1>&5
configure:1843: checking for pid_t
configure:1882: checking for size_t
configure:1921: checking for ssize_t
configure:1960: checking whether time.h and sys/time.h may both be included
configure:1974: gcc -c -g -O2  conftest.c 1>&5
configure:2009: checking for struct in_addr
configure:2021: gcc -c -g -O2  conftest.c 1>&5
configure:2048: checking for typedef socklen_t
configure:2060: gcc -c -g -O2  conftest.c 1>&5
configure:2084: checking return type of signal handlers
configure:2106: gcc -c -g -O2  conftest.c 1>&5
configure:2125: checking for vprintf
configure:2154: gcc -o conftest -g -O2   conftest.c  1>&5
configure:2137:6: warning: conflicting types for built-in function 'vprintf'; expected 'int(const char *, __va_list_tag *)' [-Wbuiltin-declaration-mismatch]
 2137 | char vprintf();
      |      ^~~~~~~
configure:2134:1: note: 'vprintf' is declared in header '<stdio.h>'
 2133 | #include <assert.h>
  +++ |+#include <stdio.h>
 2134 | /* Override any gcc2 internal prototype to avoid an error.  */
configure:2234: checking for gettimeofday
configure:2263: gcc -o conftest -g -O2   conftest.c  1>&5
configure:2234: checking for select
configure:2263: gcc -o conftest -g -O2   conftest.c  1>&5
configure:2234: checking for snprintf
configure:2263: gcc -o conftest -g -O2   conftest.c  1>&5
configure:2246:6: warning: conflicting types for built-in function 'snprintf'; expected 'int(char *, long unsigned int,  const char *, ...)' [-Wbuiltin-declaration-mismatch]
 2246 | char $ac_func();
      |      ^~~~~~~~
configure:2243:1: note: 'snprintf' is declared in header '<stdio.h>'
 2242 | #include <assert.h>
  +++ |+#include <stdio.h>
 2243 | /* Override any gcc2 internal prototype to avoid an error.  */
configure:2234: checking for strcasecmp
configure:2263: gcc -o conftest -g -O2   conftest.c  1>&5
configure:2246:6: warning: conflicting types for built-in function 'strcasecmp'; expected 'int(const char *, const char *)' [-Wbuiltin-declaration-mismatch]
 2246 | char $ac_func();
      |      ^~~~~~~~~~
configure:2234: checking for strdup
configure:2263: gcc -o conftest -g -O2   conftest.c  1>&5
configure:2246:6: warning: conflicting types for built-in function 'strdup'; expected 'char *(const char *)' [-Wbuiltin-declaration-mismatch]
 2246 | char $ac_func();
      |      ^~~~~~
configure:2234: checking for strerror
configure:2263: gcc -o conftest -g -O2   conftest.c  1>&5
configure:2234: checking for stricmp
configure:2263: gcc -o conftest -g -O2   conftest.c  1>&5
/usr/bin/ld: /tmp/cc3G6IAi.o: in function `main':
/home/linux8/circle30bpl22/conftest.c:2257:(.text.startup+0x7): undefined reference to `stricmp'
collect2: error: ld returned 1 exit status
configure: failed program was:
#line 2239 "configure"
#include "confdefs.h"
/* System header to define __stub macros and hopefully few prototypes,
    which can conflict with char stricmp(); below.  */
#include <assert.h>
/* Override any gcc2 internal prototype to avoid an error.  */
/* We use char because int might match the return type of a gcc2
    builtin and then its argument prototype would still apply.  */
char stricmp();
char (*f)();

int main() {

/* The GNU C library defines this for functions which it implements
    to always fail with ENOSYS.  Some functions are actually named
    something starting with __ and the normal name is an alias.  */
#if defined (__stub_stricmp) || defined (__stub___stricmp)
choke me
#else
f = stricmp;
#endif

; return 0; }
configure:2234: checking for strlcpy
configure:2263: gcc -o conftest -g -O2   conftest.c  1>&5
configure:2234: checking for strncasecmp
configure:2263: gcc -o conftest -g -O2   conftest.c  1>&5
configure:2246:6: warning: conflicting types for built-in function 'strncasecmp'; expected 'int(const char *, const char *, long unsigned int)' [-Wbuiltin-declaration-mismatch]
 2246 | char $ac_func();
      |      ^~~~~~~~~~~
configure:2234: checking for strnicmp
configure:2263: gcc -o conftest -g -O2   conftest.c  1>&5
/usr/bin/ld: /tmp/cc6BVvpp.o: in function `main':
/home/linux8/circle30bpl22/conftest.c:2257:(.text.startup+0x7): undefined reference to `strnicmp'
collect2: error: ld returned 1 exit status
configure: failed program was:
#line 2239 "configure"
#include "confdefs.h"
/* System header to define __stub macros and hopefully few prototypes,
    which can conflict with char strnicmp(); below.  */
#include <assert.h>
/* Override any gcc2 internal prototype to avoid an error.  */
/* We use char because int might match the return type of a gcc2
    builtin and then its argument prototype would still apply.  */
char strnicmp();
char (*f)();

int main() {

/* The GNU C library defines this for functions which it implements
    to always fail with ENOSYS.  Some functions are actually named
    something starting with __ and the normal name is an alias.  */
#if defined (__stub_strnicmp) || defined (__stub___strnicmp)
choke me
#else
f = strnicmp;
#endif

; return 0; }
configure:2234: checking for strstr
configure:2263: gcc -o conftest -g -O2   conftest.c  1>&5
configure:2246:6: warning: conflicting types for built-in function 'strstr'; expected 'char *(const char *, const char *)' [-Wbuiltin-declaration-mismatch]
 2246 | char $ac_func();
      |      ^~~~~~
configure:2243:1: note: 'strstr' is declared in header '<string.h>'
 2242 | #include <assert.h>
  +++ |+#include <string.h>
 2243 | /* Override any gcc2 internal prototype to avoid an error.  */
configure:2234: checking for vsnprintf
configure:2263: gcc -o conftest -g -O2   conftest.c  1>&5
configure:2246:6: warning: conflicting types for built-in function 'vsnprintf'; expected 'int(char *, long unsigned int,  const char *, __va_list_tag *)' [-Wbuiltin-declaration-mismatch]
 2246 | char $ac_func();
      |      ^~~~~~~~~
configure:2243:1: note: 'vsnprintf' is declared in header '<stdio.h>'
 2242 | #include <assert.h>
  +++ |+#include <stdio.h>
 2243 | /* Override any gcc2 internal prototype to avoid an error.  */
configure:2293: checking for inet_addr
configure:2322: gcc -o conftest -g -O2   conftest.c   1>&5
configure:2293: checking for inet_aton
configure:2322: gcc -o conftest -g -O2   conftest.c   1>&5
configure:2352: checking if accept is prototyped
configure:2374: gcc -c -g -O2  conftest.c 1>&5
configure:2367:6: error: conflicting types for 'accept'; have 'void(int,  char,  int,  char,  int,  char,  int,  char)'
 2367 | void accept(int a, char b, int c, char d, int e, char f, int g, char h);
      |      ^~~~~~
In file included from src/sysdep.h:268,
                 from configure:2363:
/usr/include/x86_64-linux-gnu/sys/socket.h:306:12: note: previous declaration of 'accept' with type 'int(int,  struct sockaddr * restrict,  socklen_t * restrict)' {aka 'int(int,  struct sockaddr * restrict,  unsigned int * restrict)'}
  306 | extern int accept (int __fd, __SOCKADDR_ARG __addr,
      |            ^~~~~~
configure: failed program was:
#line 2358 "configure"
#include "confdefs.h"

#define NO_LIBRARY_PROTOTYPES
#define __COMM_C__
#define __ACT_OTHER_C__
#include "src/sysdep.h"
#ifdef accept
  error - already defined!
#endif
void accept(int a, char b, int c, char d, int e, char f, int g, char h);

int main() {

; return 0; }
configure:2402: checking if atoi is prototyped
configure:2424: gcc -c -g -O2  conftest.c 1>&5
configure:2417:6: error: conflicting types for 'atoi'; have 'void(int,  char,  int,  char,  int,  char,  int,  char)'
 2417 | void atoi(int a, char b, int c, char d, int e, char f, int g, char h);
      |      ^~~~
In file included from /usr/include/features.h:502,
                 from /usr/include/x86_64-linux-gnu/bits/libc-header-start.h:33,
                 from /usr/include/stdio.h:28,
                 from src/sysdep.h:132,
                 from configure:2413:
/usr/include/stdlib.h:481:1: note: previous definition of 'atoi' with type 'int(const char *)'
  481 | __NTH (atoi (const char *__nptr))
      | ^~~~~
configure: failed program was:
#line 2408 "configure"
#include "confdefs.h"

#define NO_LIBRARY_PROTOTYPES
#define __COMM_C__
#define __ACT_OTHER_C__
#include "src/sysdep.h"
#ifdef atoi
  error - already defined!
#endif
void atoi(int a, char b, int c, char d, int e, char f, int g, char h);

int main() {

; return 0; }
configure:2452: checking if atol is prototyped
configure:2474: gcc -c -g -O2  conftest.c 1>&5
configure:2467:6: error: conflicting types for 'atol'; have 'void(int,  char,  int,  char,  int,  char,  int,  char)'
 2467 | void atol(int a, char b, int c, char d, int e, char f, int g, char h);
      |      ^~~~
In file included from /usr/include/features.h:502,
                 from /usr/include/x86_64-linux-gnu/bits/libc-header-start.h:33,
                 from /usr/include/stdio.h:28,
                 from src/sysdep.h:132,
                 from configure:2463:
/usr/include/stdlib.h:486:1: note: previous definition of 'atol' with type 'long int(const char *)'
  486 | __NTH (atol (const char *__nptr))
      | ^~~~~
configure: failed program was:
#line 2458 "configure"
#include "confdefs.h"

#define NO_LIBRARY_PROTOTYPES
#define __COMM_C__
#define __ACT_OTHER_C__
#include "src/sysdep.h"
#ifdef atol
  error - already defined!
#endif
void atol(int a, char b, int c, char d, int e, char f, int g, char h);

int main() {

; return 0; }
configure:2502: checking if bind is prototyped
configure:2524: gcc -c -g -O2  conftest.c 1>&5
configure:2517:6: error: conflicting types for 'bind'; have 'void(int,  char,  int,  char,  int,  char,  int,  char)'
 2517 | void bind(int a, char b, int c, char d, int e, char f, int g, char h);
      |      ^~~~
In file included from src/sysdep.h:268,
                 from configure:2513:
/usr/include/x86_64-linux-gnu/sys/socket.h:112:12: note: previous declaration of 'bind' with type 'int(int,  const struct sockaddr *, socklen_t)' {aka 'int(int,  const struct sockaddr *, unsigned int)'}
  112 | extern int bind (int __fd, __CONST_SOCKADDR_ARG __addr, socklen_t __len)
      |            ^~~~
configure: failed program was:
#line 2508 "configure"
#include "confdefs.h"

#define NO_LIBRARY_PROTOTYPES
#define __COMM_C__
#define __ACT_OTHER_C__
#include "src/sysdep.h"
#ifdef bind
  error - already defined!
#endif
void bind(int a, char b, int c, char d, int e, char f, int g, char h);

int main() {

; return 0; }
configure:2552: checking if bzero is prototyped
configure:2574: gcc -c -g -O2  conftest.c 1>&5
configure:2567:6: error: conflicting types for 'bzero'; have 'void(int,  char,  int,  char,  int,  char,  int,  char)'
 2567 | void bzero(int a, char b, int c, char d, int e, char f, int g, char h);
      |      ^~~~~
In file included from /usr/include/features.h:502,
                 from /usr/include/x86_64-linux-gnu/bits/libc-header-start.h:33,
                 from /usr/include/stdio.h:28,
                 from src/sysdep.h:132,
                 from configure:2563:
/usr/include/x86_64-linux-gnu/bits/strings_fortified.h:30:1: note: previous definition of 'bzero' with type 'void(void *, size_t)' {aka 'void(void *, long unsigned int)'}
   30 | __NTH (bzero (void *__dest, size_t __len))
      | ^~~~~
configure: failed program was:
#line 2558 "configure"
#include "confdefs.h"

#define NO_LIBRARY_PROTOTYPES
#define __COMM_C__
#define __ACT_OTHER_C__
#include "src/sysdep.h"
#ifdef bzero
  error - already defined!
#endif
void bzero(int a, char b, int c, char d, int e, char f, int g, char h);

int main() {

; return 0; }
configure:2602: checking if chdir is prototyped
configure:2624: gcc -c -g -O2  conftest.c 1>&5
configure:2617:6: error: conflicting types for 'chdir'; have 'void(int,  char,  int,  char,  int,  char,  int,  char)'
 2617 | void chdir(int a, char b, int c, char d, int e, char f, int g, char h);
      |      ^~~~~
In file included from src/sysdep.h:172,
                 from configure:2613:
/usr/include/unistd.h:517:12: note: previous declaration of 'chdir' with type 'int(const char *)'
  517 | extern int chdir (const char *__path) __THROW __nonnull ((1)) __wur;
      |            ^~~~~
configure: failed program was:
#line 2608 "configure"
#include "confdefs.h"

#define NO_LIBRARY_PROTOTYPES
#define __COMM_C__
#define __ACT_OTHER_C__
#include "src/sysdep.h"
#ifdef chdir
  error - already defined!
#endif
void chdir(int a, char b, int c, char d, int e, char f, int g, char h);

int main() {

; return 0; }
configure:2652: checking if close is prototyped
configure:2674: gcc -c -g -O2  conftest.c 1>&5
configure:2667:6: error: conflicting types for 'close'; have 'void(int,  char,  int,  char,  int,  char,  int,  char)'
 2667 | void close(int a, char b, int c, char d, int e, char f, int g, char h);
      |      ^~~~~
In file included from src/sysdep.h:172,
                 from configure:2663:
/usr/include/unistd.h:358:12: note: previous declaration of 'close' with type 'int(int)'
  358 | extern int close (int __fd);
      |            ^~~~~
configure: failed program was:
#line 2658 "configure"
#include "confdefs.h"

#define NO_LIBRARY_PROTOTYPES
#define __COMM_C__
#define __ACT_OTHER_C__
#include "src/sysdep.h"
#ifdef close
  error - already defined!
#endif
void close(int a, char b, int c, char d, int e, char f, int g, char h);

int main() {

; return 0; }
configure:2702: checking if crypt is prototyped
configure:2724: gcc -c -g -O2  conftest.c 1>&5
configure:2717:6: error: conflicting types for 'crypt'; have 'void(int,  char,  int,  char,  int,  char,  int,  char)'
 2717 | void crypt(int a, char b, int c, char d, int e, char f, int g, char h);
      |      ^~~~~
In file included from src/sysdep.h:224,
                 from configure:2713:
/usr/include/crypt.h:63:14: note: previous declaration of 'crypt' with type 'char *(const char *, const char *)'
   63 | extern char *crypt (const char *__phrase, const char *__setting)
      |              ^~~~~
configure: failed program was:
#line 2708 "configure"
#include "confdefs.h"

#define NO_LIBRARY_PROTOTYPES
#define __COMM_C__
#define __ACT_OTHER_C__
#include "src/sysdep.h"
#ifdef crypt
  error - already defined!
#endif
void crypt(int a, char b, int c, char d, int e, char f, int g, char h);

int main() {

; return 0; }
configure:2752: checking if fclose is prototyped
configure:2774: gcc -c -g -O2  conftest.c 1>&5
configure:2767:6: error: conflicting types for 'fclose'; have 'void(int,  char,  int,  char,  int,  char,  int,  char)'
 2767 | void fclose(int a, char b, int c, char d, int e, char f, int g, char h);
      |      ^~~~~~
In file included from src/sysdep.h:132,
                 from configure:2763:
/usr/include/stdio.h:184:12: note: previous declaration of 'fclose' with type 'int(FILE *)'
  184 | extern int fclose (FILE *__stream) __nonnull ((1));
      |            ^~~~~~
configure: failed program was:
#line 2758 "configure"
#include "confdefs.h"

#define NO_LIBRARY_PROTOTYPES
#define __COMM_C__
#define __ACT_OTHER_C__
#include "src/sysdep.h"
#ifdef fclose
  error - already defined!
#endif
void fclose(int a, char b, int c, char d, int e, char f, int g, char h);

int main() {

; return 0; }
configure:2802: checking if fcntl is prototyped
configure:2824: gcc -c -g -O2  conftest.c 1>&5
configure:2817:6: error: conflicting types for 'fcntl'; have 'void(int,  char,  int,  char,  int,  char,  int,  char)'
 2817 | void fcntl(int a, char b, int c, char d, int e, char f, int g, char h);
      |      ^~~~~
In file included from src/sysdep.h:260,
                 from configure:2813:
/usr/include/fcntl.h:177:12: note: previous declaration of 'fcntl' with type 'int(int,  int, ...)'
  177 | extern int fcntl (int __fd, int __cmd, ...);
      |            ^~~~~
configure: failed program was:
#line 2808 "configure"
#include "confdefs.h"

#define NO_LIBRARY_PROTOTYPES
#define __COMM_C__
#define __ACT_OTHER_C__
#include "src/sysdep.h"
#ifdef fcntl
  error - already defined!
#endif
void fcntl(int a, char b, int c, char d, int e, char f, int g, char h);

int main() {

; return 0; }
configure:2852: checking if fflush is prototyped
configure:2874: gcc -c -g -O2  conftest.c 1>&5
configure:2867:6: error: conflicting types for 'fflush'; have 'void(int,  char,  int,  char,  int,  char,  int,  char)'
 2867 | void fflush(int a, char b, int c, char d, int e, char f, int g, char h);
      |      ^~~~~~
In file included from src/sysdep.h:132,
                 from configure:2863:
/usr/include/stdio.h:236:12: note: previous declaration of 'fflush' with type 'int(FILE *)'
  236 | extern int fflush (FILE *__stream);
      |            ^~~~~~
configure: failed program was:
#line 2858 "configure"
#include "confdefs.h"

#define NO_LIBRARY_PROTOTYPES
#define __COMM_C__
#define __ACT_OTHER_C__
#include "src/sysdep.h"
#ifdef fflush
  error - already defined!
#endif
void fflush(int a, char b, int c, char d, int e, char f, int g, char h);

int main() {

; return 0; }
configure:2902: checking if fprintf is prototyped
configure:2924: gcc -c -g -O2  conftest.c 1>&5
configure:2917:6: error: conflicting types for 'fprintf'; have 'void(int,  char,  int,  char,  int,  char,  int,  char)'
 2917 | void fprintf(int a, char b, int c, char d, int e, char f, int g, char h);
      |      ^~~~~~~
In file included from /usr/include/stdio.h:980,
                 from src/sysdep.h:132,
                 from configure:2913:
/usr/include/x86_64-linux-gnu/bits/stdio2.h:77:1: note: previous definition of 'fprintf' with type 'int(FILE * restrict,  const char * restrict, ...)'
   77 | fprintf (FILE *__restrict __stream, const char *__restrict __fmt, ...)
      | ^~~~~~~
configure: failed program was:
#line 2908 "configure"
#include "confdefs.h"

#define NO_LIBRARY_PROTOTYPES
#define __COMM_C__
#define __ACT_OTHER_C__
#include "src/sysdep.h"
#ifdef fprintf
  error - already defined!
#endif
void fprintf(int a, char b, int c, char d, int e, char f, int g, char h);

int main() {

; return 0; }
configure:2952: checking if fputc is prototyped
configure:2974: gcc -c -g -O2  conftest.c 1>&5
configure:2967:6: error: conflicting types for 'fputc'; have 'void(int,  char,  int,  char,  int,  char,  int,  char)'
 2967 | void fputc(int a, char b, int c, char d, int e, char f, int g, char h);
      |      ^~~~~
In file included from src/sysdep.h:132,
                 from configure:2963:
/usr/include/stdio.h:611:12: note: previous declaration of 'fputc' with type 'int(int,  FILE *)'
  611 | extern int fputc (int __c, FILE *__stream) __nonnull ((2));
      |            ^~~~~
configure: failed program was:
#line 2958 "configure"
#include "confdefs.h"

#define NO_LIBRARY_PROTOTYPES
#define __COMM_C__
#define __ACT_OTHER_C__
#include "src/sysdep.h"
#ifdef fputc
  error - already defined!
#endif
void fputc(int a, char b, int c, char d, int e, char f, int g, char h);

int main() {

; return 0; }
configure:3002: checking if fputs is prototyped
configure:3024: gcc -c -g -O2  conftest.c 1>&5
configure:3017:6: error: conflicting types for 'fputs'; have 'void(int,  char,  int,  char,  int,  char,  int,  char)'
 3017 | void fputs(int a, char b, int c, char d, int e, char f, int g, char h);
      |      ^~~~~
In file included from src/sysdep.h:132,
                 from configure:3013:
/usr/include/stdio.h:717:12: note: previous declaration of 'fputs' with type 'int(const char * restrict,  FILE * restrict)'
  717 | extern int fputs (const char *__restrict __s, FILE *__restrict __stream)
      |            ^~~~~
configure: failed program was:
#line 3008 "configure"
#include "confdefs.h"

#define NO_LIBRARY_PROTOTYPES
#define __COMM_C__
#define __ACT_OTHER_C__
#include "src/sysdep.h"
#ifdef fputs
  error - already defined!
#endif
void fputs(int a, char b, int c, char d, int e, char f, int g, char h);

int main() {

; return 0; }
configure:3052: checking if fread is prototyped
configure:3074: gcc -c -g -O2  conftest.c 1>&5
configure:3067:6: error: conflicting types for 'fread'; have 'void(int,  char,  int,  char,  int,  char,  int,  char)'
 3067 | void fread(int a, char b, int c, char d, int e, char f, int g, char h);
      |      ^~~~~
In file included from /usr/include/stdio.h:980,
                 from src/sysdep.h:132,
                 from configure:3063:
/usr/include/x86_64-linux-gnu/bits/stdio2.h:207:1: note: previous definition of 'fread' with type 'size_t(void * restrict,  size_t,  size_t,  FILE * restrict)' {aka 'long unsigned int(void * restrict,  long unsigned int,  long unsigned int,  FILE * restrict)'}
  207 | fread (void *__restrict __ptr, size_t __size, size_t __n,
      | ^~~~~
configure: failed program was:
#line 3058 "configure"
#include "confdefs.h"

#define NO_LIBRARY_PROTOTYPES
#define __COMM_C__
#define __ACT_OTHER_C__
#include "src/sysdep.h"
#ifdef fread
  error - already defined!
#endif
void fread(int a, char b, int c, char d, int e, char f, int g, char h);

int main() {

; return 0; }
configure:3102: checking if fscanf is prototyped
configure:3124: gcc -c -g -O2  conftest.c 1>&5
configure:3117:6: error: conflicting types for 'fscanf'; have 'void(int,  char,  int,  char,  int,  char,  int,  char)'
 3117 | void fscanf(int a, char b, int c, char d, int e, char f, int g, char h);
      |      ^~~~~~
In file included from /usr/include/features.h:502,
                 from /usr/include/x86_64-linux-gnu/bits/libc-header-start.h:33,
                 from /usr/include/stdio.h:28,
                 from src/sysdep.h:132,
                 from configure:3113:
/usr/include/stdio.h:463:12: note: previous declaration of 'fscanf' with type 'int(FILE * restrict,  const char * restrict, ...)'
  463 | extern int __REDIRECT (fscanf, (FILE *__restrict __stream,
      |            ^~~~~~~~~~
configure: failed program was:
#line 3108 "configure"
#include "confdefs.h"

#define NO_LIBRARY_PROTOTYPES
#define __COMM_C__
#define __ACT_OTHER_C__
#include "src/sysdep.h"
#ifdef fscanf
  error - already defined!
#endif
void fscanf(int a, char b, int c, char d, int e, char f, int g, char h);

int main() {

; return 0; }
configure:3152: checking if fseek is prototyped
configure:3174: gcc -c -g -O2  conftest.c 1>&5
configure:3167:6: error: conflicting types for 'fseek'; have 'void(int,  char,  int,  char,  int,  char,  int,  char)'
 3167 | void fseek(int a, char b, int c, char d, int e, char f, int g, char h);
      |      ^~~~~
In file included from src/sysdep.h:132,
                 from configure:3163:
/usr/include/stdio.h:779:12: note: previous declaration of 'fseek' with type 'int(FILE *, long int,  int)'
  779 | extern int fseek (FILE *__stream, long int __off, int __whence)
      |            ^~~~~
configure: failed program was:
#line 3158 "configure"
#include "confdefs.h"

#define NO_LIBRARY_PROTOTYPES
#define __COMM_C__
#define __ACT_OTHER_C__
#include "src/sysdep.h"
#ifdef fseek
  error - already defined!
#endif
void fseek(int a, char b, int c, char d, int e, char f, int g, char h);

int main() {

; return 0; }
configure:3202: checking if fwrite is prototyped
configure:3224: gcc -c -g -O2  conftest.c 1>&5
configure:3217:6: error: conflicting types for 'fwrite'; have 'void(int,  char,  int,  char,  int,  char,  int,  char)'
 3217 | void fwrite(int a, char b, int c, char d, int e, char f, int g, char h);
      |      ^~~~~~
In file included from src/sysdep.h:132,
                 from configure:3213:
/usr/include/stdio.h:745:15: note: previous declaration of 'fwrite' with type 'size_t(const void * restrict,  size_t,  size_t,  FILE * restrict)' {aka 'long unsigned int(const void * restrict,  long unsigned int,  long unsigned int,  FILE * restrict)'}
  745 | extern size_t fwrite (const void *__restrict __ptr, size_t __size,
      |               ^~~~~~
configure: failed program was:
#line 3208 "configure"
#include "confdefs.h"

#define NO_LIBRARY_PROTOTYPES
#define __COMM_C__
#define __ACT_OTHER_C__
#include "src/sysdep.h"
#ifdef fwrite
  error - already defined!
#endif
void fwrite(int a, char b, int c, char d, int e, char f, int g, char h);

int main() {

; return 0; }
configure:3252: checking if getpeername is prototyped
configure:3274: gcc -c -g -O2  conftest.c 1>&5
configure:3267:6: error: conflicting types for 'getpeername'; have 'void(int,  char,  int,  char,  int,  char,  int,  char)'
 3267 | void getpeername(int a, char b, int c, char d, int e, char f, int g, char h);
      |      ^~~~~~~~~~~
In file included from src/sysdep.h:268,
                 from configure:3263:
/usr/include/x86_64-linux-gnu/sys/socket.h:130:12: note: previous declaration of 'getpeername' with type 'int(int,  struct sockaddr * restrict,  socklen_t * restrict)' {aka 'int(int,  struct sockaddr * restrict,  unsigned int * restrict)'}
  130 | extern int getpeername (int __fd, __SOCKADDR_ARG __addr,
      |            ^~~~~~~~~~~
configure: failed program was:
#line 3258 "configure"
#include "confdefs.h"

#define NO_LIBRARY_PROTOTYPES
#define __COMM_C__
#define __ACT_OTHER_C__
#include "src/sysdep.h"
#ifdef getpeername
  error - already defined!
#endif
void getpeername(int a, char b, int c, char d, int e, char f, int g, char h);

int main() {

; return 0; }
configure:3302: checking if getpid is prototyped
configure:3324: gcc -c -g -O2  conftest.c 1>&5
configure:3317:6: error: conflicting types for 'getpid'; have 'void(int,  char,  int,  char,  int,  char,  int,  char)'
 3317 | void getpid(int a, char b, int c, char d, int e, char f, int g, char h);
      |      ^~~~~~
In file included from src/sysdep.h:172,
                 from configure:3313:
/usr/include/unistd.h:650:16: note: previous declaration of 'getpid' with type '__pid_t(void)' {aka 'int(void)'}
  650 | extern __pid_t getpid (void) __THROW;
      |                ^~~~~~
configure: failed program was:
#line 3308 "configure"
#include "confdefs.h"

#define NO_LIBRARY_PROTOTYPES
#define __COMM_C__
#define __ACT_OTHER_C__
#include "src/sysdep.h"
#ifdef getpid
  error - already defined!
#endif
void getpid(int a, char b, int c, char d, int e, char f, int g, char h);

int main() {

; return 0; }
configure:3352: checking if getrlimit is prototyped
configure:3374: gcc -c -g -O2  conftest.c 1>&5
configure:3367:6: error: conflicting types for 'getrlimit'; have 'void(int,  char,  int,  char,  int,  char,  int,  char)'
 3367 | void getrlimit(int a, char b, int c, char d, int e, char f, int g, char h);
      |      ^~~~~~~~~
In file included from src/sysdep.h:272,
                 from configure:3363:
/usr/include/x86_64-linux-gnu/sys/resource.h:50:12: note: previous declaration of 'getrlimit' with type 'int(__rlimit_resource_t,  struct rlimit *)' {aka 'int(int,  struct rlimit *)'}
   50 | extern int getrlimit (__rlimit_resource_t __resource,
      |            ^~~~~~~~~
configure: failed program was:
#line 3358 "configure"
#include "confdefs.h"

#define NO_LIBRARY_PROTOTYPES
#define __COMM_C__
#define __ACT_OTHER_C__
#include "src/sysdep.h"
#ifdef getrlimit
  error - already defined!
#endif
void getrlimit(int a, char b, int c, char d, int e, char f, int g, char h);

int main() {

; return 0; }
configure:3402: checking if getsockname is prototyped
configure:3424: gcc -c -g -O2  conftest.c 1>&5
configure:3417:6: error: conflicting types for 'getsockname'; have 'void(int,  char,  int,  char,  int,  char,  int,  char)'
 3417 | void getsockname(int a, char b, int c, char d, int e, char f, int g, char h);
      |      ^~~~~~~~~~~
In file included from src/sysdep.h:268,
                 from configure:3413:
/usr/include/x86_64-linux-gnu/sys/socket.h:116:12: note: previous declaration of 'getsockname' with type 'int(int,  struct sockaddr * restrict,  socklen_t * restrict)' {aka 'int(int,  struct sockaddr * restrict,  unsigned int * restrict)'}
  116 | extern int getsockname (int __fd, __SOCKADDR_ARG __addr,
      |            ^~~~~~~~~~~
configure: failed program was:
#line 3408 "configure"
#include "confdefs.h"

#define NO_LIBRARY_PROTOTYPES
#define __COMM_C__
#define __ACT_OTHER_C__
#include "src/sysdep.h"
#ifdef getsockname
  error - already defined!
#endif
void getsockname(int a, char b, int c, char d, int e, char f, int g, char h);

int main() {

; return 0; }
configure:3452: checking if gettimeofday is prototyped
configure:3474: gcc -c -g -O2  conftest.c 1>&5
configure:3467:6: error: conflicting types for 'gettimeofday'; have 'void(int,  char,  int,  char,  int,  char,  int,  char)'
 3467 | void gettimeofday(int a, char b, int c, char d, int e, char f, int g, char h);
      |      ^~~~~~~~~~~~
In file included from src/sysdep.h:228,
                 from configure:3463:
/usr/include/x86_64-linux-gnu/sys/time.h:67:12: note: previous declaration of 'gettimeofday' with type 'int(struct timeval * restrict,  void * restrict)'
   67 | extern int gettimeofday (struct timeval *__restrict __tv,
      |            ^~~~~~~~~~~~
configure: failed program was:
#line 3458 "configure"
#include "confdefs.h"

#define NO_LIBRARY_PROTOTYPES
#define __COMM_C__
#define __ACT_OTHER_C__
#include "src/sysdep.h"
#ifdef gettimeofday
  error - already defined!
#endif
void gettimeofday(int a, char b, int c, char d, int e, char f, int g, char h);

int main() {

; return 0; }
configure:3502: checking if htonl is prototyped
configure:3524: gcc -c -g -O2  conftest.c 1>&5
configure:3515:9: error: expected '=', ',', ';', 'asm' or '__attribute__' before '-' token
 3515 |   error - already defined!
      |         ^
configure:3517:70: error: macro "htonl" passed 8 arguments, but takes just 1
 3517 | void htonl(int a, char b, int c, char d, int e, char f, int g, char h);
      |                                                                      ^
In file included from src/sysdep.h:280,
                 from configure:3513:
/usr/include/netinet/in.h:426: note: macro "htonl" defined here
  426 | #   define htonl(x)     __bswap_32 (x)
      | 
configure: failed program was:
#line 3508 "configure"
#include "confdefs.h"

#define NO_LIBRARY_PROTOTYPES
#define __COMM_C__
#define __ACT_OTHER_C__
#include "src/sysdep.h"
#ifdef htonl
  error - already defined!
#endif
void htonl(int a, char b, int c, char d, int e, char f, int g, char h);

int main() {

; return 0; }
configure:3552: checking if htons is prototyped
configure:3574: gcc -c -g -O2  conftest.c 1>&5
configure:3565:9: error: expected '=', ',', ';', 'asm' or '__attribute__' before '-' token
 3565 |   error - already defined!
      |         ^
configure:3567:70: error: macro "htons" passed 8 arguments, but takes just 1
 3567 | void htons(int a, char b, int c, char d, int e, char f, int g, char h);
      |                                                                      ^
In file included from src/sysdep.h:280,
                 from configure:3563:
/usr/include/netinet/in.h:427: note: macro "htons" defined here
  427 | #   define htons(x)     __bswap_16 (x)
      | 
configure: failed program was:
#line 3558 "configure"
#include "confdefs.h"

#define NO_LIBRARY_PROTOTYPES
#define __COMM_C__
#define __ACT_OTHER_C__
#include "src/sysdep.h"
#ifdef htons
  error - already defined!
#endif
void htons(int a, char b, int c, char d, int e, char f, int g, char h);

int main() {

; return 0; }
configure:3602: checking if inet_addr is prototyped
configure:3624: gcc -c -g -O2  conftest.c 1>&5
configure:3617:6: error: conflicting types for 'inet_addr'; have 'void(int,  char,  int,  char,  int,  char,  int,  char)'
 3617 | void inet_addr(int a, char b, int c, char d, int e, char f, int g, char h);
      |      ^~~~~~~~~
In file included from src/sysdep.h:284,
                 from configure:3613:
/usr/include/arpa/inet.h:34:18: note: previous declaration of 'inet_addr' with type 'in_addr_t(const char *)' {aka 'unsigned int(const char *)'}
   34 | extern in_addr_t inet_addr (const char *__cp) __THROW;
      |                  ^~~~~~~~~
configure: failed program was:
#line 3608 "configure"
#include "confdefs.h"

#define NO_LIBRARY_PROTOTYPES
#define __COMM_C__
#define __ACT_OTHER_C__
#include "src/sysdep.h"
#ifdef inet_addr
  error - already defined!
#endif
void inet_addr(int a, char b, int c, char d, int e, char f, int g, char h);

int main() {

; return 0; }
configure:3652: checking if inet_aton is prototyped
configure:3674: gcc -c -g -O2  conftest.c 1>&5
configure:3667:6: error: conflicting types for 'inet_aton'; have 'void(int,  char,  int,  char,  int,  char,  int,  char)'
 3667 | void inet_aton(int a, char b, int c, char d, int e, char f, int g, char h);
      |      ^~~~~~~~~
In file included from src/sysdep.h:284,
                 from configure:3663:
/usr/include/arpa/inet.h:73:12: note: previous declaration of 'inet_aton' with type 'int(const char *, struct in_addr *)'
   73 | extern int inet_aton (const char *__cp, struct in_addr *__inp) __THROW;
      |            ^~~~~~~~~
configure: failed program was:
#line 3658 "configure"
#include "confdefs.h"

#define NO_LIBRARY_PROTOTYPES
#define __COMM_C__
#define __ACT_OTHER_C__
#include "src/sysdep.h"
#ifdef inet_aton
  error - already defined!
#endif
void inet_aton(int a, char b, int c, char d, int e, char f, int g, char h);

int main() {

; return 0; }
configure:3702: checking if inet_ntoa is prototyped
configure:3724: gcc -c -g -O2  conftest.c 1>&5
configure:3717:6: error: conflicting types for 'inet_ntoa'; have 'void(int,  char,  int,  char,  int,  char,  int,  char)'
 3717 | void inet_ntoa(int a, char b, int c, char d, int e, char f, int g, char h);
      |      ^~~~~~~~~
In file included from src/sysdep.h:284,
                 from configure:3713:
/usr/include/arpa/inet.h:53:14: note: previous declaration of 'inet_ntoa' with type 'char *(struct in_addr)'
   53 | extern char *inet_ntoa (struct in_addr __in) __THROW;
      |              ^~~~~~~~~
configure: failed program was:
#line 3708 "configure"
#include "confdefs.h"

#define NO_LIBRARY_PROTOTYPES
#define __COMM_C__
#define __ACT_OTHER_C__
#include "src/sysdep.h"
#ifdef inet_ntoa
  error - already defined!
#endif
void inet_ntoa(int a, char b, int c, char d, int e, char f, int g, char h);

int main() {

; return 0; }
configure:3752: checking if listen is prototyped
configure:3774: gcc -c -g -O2  conftest.c 1>&5
configure:3767:6: error: conflicting types for 'listen'; have 'void(int,  char,  int,  char,  int,  char,  int,  char)'
 3767 | void listen(int a, char b, int c, char d, int e, char f, int g, char h);
      |      ^~~~~~
In file included from src/sysdep.h:268,
                 from configure:3763:
/usr/include/x86_64-linux-gnu/sys/socket.h:296:12: note: previous declaration of 'listen' with type 'int(int,  int)'
  296 | extern int listen (int __fd, int __n) __THROW;
      |            ^~~~~~
configure: failed program was:
#line 3758 "configure"
#include "confdefs.h"

#define NO_LIBRARY_PROTOTYPES
#define __COMM_C__
#define __ACT_OTHER_C__
#include "src/sysdep.h"
#ifdef listen
  error - already defined!
#endif
void listen(int a, char b, int c, char d, int e, char f, int g, char h);

int main() {

; return 0; }
configure:3802: checking if ntohl is prototyped
configure:3824: gcc -c -g -O2  conftest.c 1>&5
configure:3815:9: error: expected '=', ',', ';', 'asm' or '__attribute__' before '-' token
 3815 |   error - already defined!
      |         ^
configure:3817:70: error: macro "ntohl" passed 8 arguments, but takes just 1
 3817 | void ntohl(int a, char b, int c, char d, int e, char f, int g, char h);
      |                                                                      ^
In file included from src/sysdep.h:280,
                 from configure:3813:
/usr/include/netinet/in.h:424: note: macro "ntohl" defined here
  424 | #   define ntohl(x)     __bswap_32 (x)
      | 
configure: failed program was:
#line 3808 "configure"
#include "confdefs.h"

#define NO_LIBRARY_PROTOTYPES
#define __COMM_C__
#define __ACT_OTHER_C__
#include "src/sysdep.h"
#ifdef ntohl
  error - already defined!
#endif
void ntohl(int a, char b, int c, char d, int e, char f, int g, char h);

int main() {

; return 0; }
configure:3852: checking if perror is prototyped
configure:3874: gcc -c -g -O2  conftest.c 1>&5
configure:3867:6: error: conflicting types for 'perror'; have 'void(int,  char,  int,  char,  int,  char,  int,  char)'
 3867 | void perror(int a, char b, int c, char d, int e, char f, int g, char h);
      |      ^~~~~~
In file included from src/sysdep.h:132,
                 from configure:3863:
/usr/include/stdio.h:878:13: note: previous declaration of 'perror' with type 'void(const char *)'
  878 | extern void perror (const char *__s) __COLD;
      |             ^~~~~~
configure: failed program was:
#line 3858 "configure"
#include "confdefs.h"

#define NO_LIBRARY_PROTOTYPES
#define __COMM_C__
#define __ACT_OTHER_C__
#include "src/sysdep.h"
#ifdef perror
  error - already defined!
#endif
void perror(int a, char b, int c, char d, int e, char f, int g, char h);

int main() {

; return 0; }
configure:3902: checking if printf is prototyped
configure:3924: gcc -c -g -O2  conftest.c 1>&5
configure:3917:6: error: conflicting types for 'printf'; have 'void(int,  char,  int,  char,  int,  char,  int,  char)'
 3917 | void printf(int a, char b, int c, char d, int e, char f, int g, char h);
      |      ^~~~~~
In file included from /usr/include/stdio.h:980,
                 from src/sysdep.h:132,
                 from configure:3913:
/usr/include/x86_64-linux-gnu/bits/stdio2.h:84:1: note: previous definition of 'printf' with type 'int(const char *, ...)'
   84 | printf (const char *__restrict __fmt, ...)
      | ^~~~~~
configure: failed program was:
#line 3908 "configure"
#include "confdefs.h"

#define NO_LIBRARY_PROTOTYPES
#define __COMM_C__
#define __ACT_OTHER_C__
#include "src/sysdep.h"
#ifdef printf
  error - already defined!
#endif
void printf(int a, char b, int c, char d, int e, char f, int g, char h);

int main() {

; return 0; }
configure:3952: checking if qsort is prototyped
configure:3974: gcc -c -g -O2  conftest.c 1>&5
configure:3967:6: error: conflicting types for 'qsort'; have 'void(int,  char,  int,  char,  int,  char,  int,  char)'
 3967 | void qsort(int a, char b, int c, char d, int e, char f, int g, char h);
      |      ^~~~~
In file included from src/sysdep.h:146,
                 from configure:3963:
/usr/include/stdlib.h:970:13: note: previous declaration of 'qsort' with type 'void(void *, size_t,  size_t,  int (*)(const void *, const void *))' {aka 'void(void *, long unsigned int,  long unsigned int,  int (*)(const void *, const void *))'}
  970 | extern void qsort (void *__base, size_t __nmemb, size_t __size,
      |             ^~~~~
configure: failed program was:
#line 3958 "configure"
#include "confdefs.h"

#define NO_LIBRARY_PROTOTYPES
#define __COMM_C__
#define __ACT_OTHER_C__
#include "src/sysdep.h"
#ifdef qsort
  error - already defined!
#endif
void qsort(int a, char b, int c, char d, int e, char f, int g, char h);

int main() {

; return 0; }
configure:4002: checking if read is prototyped
configure:4024: gcc -c -g -O2  conftest.c 1>&5
configure:4017:6: error: conflicting types for 'read'; have 'void(int,  char,  int,  char,  int,  char,  int,  char)'
 4017 | void read(int a, char b, int c, char d, int e, char f, int g, char h);
      |      ^~~~
In file included from /usr/include/unistd.h:1217,
                 from src/sysdep.h:172,
                 from configure:4013:
/usr/include/x86_64-linux-gnu/bits/unistd.h:26:1: note: previous definition of 'read' with type 'ssize_t(int,  void *, size_t)' {aka 'long int(int,  void *, long unsigned int)'}
   26 | read (int __fd, void *__buf, size_t __nbytes)
      | ^~~~
configure: failed program was:
#line 4008 "configure"
#include "confdefs.h"

#define NO_LIBRARY_PROTOTYPES
#define __COMM_C__
#define __ACT_OTHER_C__
#include "src/sysdep.h"
#ifdef read
  error - already defined!
#endif
void read(int a, char b, int c, char d, int e, char f, int g, char h);

int main() {

; return 0; }
configure:4052: checking if remove is prototyped
configure:4074: gcc -c -g -O2  conftest.c 1>&5
configure:4067:6: error: conflicting types for 'remove'; have 'void(int,  char,  int,  char,  int,  char,  int,  char)'
 4067 | void remove(int a, char b, int c, char d, int e, char f, int g, char h);
      |      ^~~~~~
In file included from src/sysdep.h:132,
                 from configure:4063:
/usr/include/stdio.h:158:12: note: previous declaration of 'remove' with type 'int(const char *)'
  158 | extern int remove (const char *__filename) __THROW;
      |            ^~~~~~
configure: failed program was:
#line 4058 "configure"
#include "confdefs.h"

#define NO_LIBRARY_PROTOTYPES
#define __COMM_C__
#define __ACT_OTHER_C__
#include "src/sysdep.h"
#ifdef remove
  error - already defined!
#endif
void remove(int a, char b, int c, char d, int e, char f, int g, char h);

int main() {

; return 0; }
configure:4102: checking if rewind is prototyped
configure:4124: gcc -c -g -O2  conftest.c 1>&5
configure:4117:6: error: conflicting types for 'rewind'; have 'void(int,  char,  int,  char,  int,  char,  int,  char)'
 4117 | void rewind(int a, char b, int c, char d, int e, char f, int g, char h);
      |      ^~~~~~
In file included from src/sysdep.h:132,
                 from configure:4113:
/usr/include/stdio.h:790:13: note: previous declaration of 'rewind' with type 'void(FILE *)'
  790 | extern void rewind (FILE *__stream) __nonnull ((1));
      |             ^~~~~~
configure: failed program was:
#line 4108 "configure"
#include "confdefs.h"

#define NO_LIBRARY_PROTOTYPES
#define __COMM_C__
#define __ACT_OTHER_C__
#include "src/sysdep.h"
#ifdef rewind
  error - already defined!
#endif
void rewind(int a, char b, int c, char d, int e, char f, int g, char h);

int main() {

; return 0; }
configure:4152: checking if select is prototyped
configure:4174: gcc -c -g -O2  conftest.c 1>&5
configure:4167:6: error: conflicting types for 'select'; have 'void(int,  char,  int,  char,  int,  char,  int,  char)'
 4167 | void select(int a, char b, int c, char d, int e, char f, int g, char h);
      |      ^~~~~~
In file included from /usr/include/x86_64-linux-gnu/sys/types.h:179,
                 from /usr/include/stdlib.h:514,
                 from src/sysdep.h:146,
                 from configure:4163:
/usr/include/x86_64-linux-gnu/sys/select.h:102:12: note: previous declaration of 'select' with type 'int(int,  fd_set * restrict,  fd_set * restrict,  fd_set * restrict,  struct timeval * restrict)'
  102 | extern int select (int __nfds, fd_set *__restrict __readfds,
      |            ^~~~~~
configure: failed program was:
#line 4158 "configure"
#include "confdefs.h"

#define NO_LIBRARY_PROTOTYPES
#define __COMM_C__
#define __ACT_OTHER_C__
#include "src/sysdep.h"
#ifdef select
  error - already defined!
#endif
void select(int a, char b, int c, char d, int e, char f, int g, char h);

int main() {

; return 0; }
configure:4202: checking if setitimer is prototyped
configure:4224: gcc -c -g -O2  conftest.c 1>&5
configure:4217:6: error: conflicting types for 'setitimer'; have 'void(int,  char,  int,  char,  int,  char,  int,  char)'
 4217 | void setitimer(int a, char b, int c, char d, int e, char f, int g, char h);
      |      ^~~~~~~~~
In file included from src/sysdep.h:228,
                 from configure:4213:
/usr/include/x86_64-linux-gnu/sys/time.h:155:12: note: previous declaration of 'setitimer' with type 'int(__itimer_which_t,  const struct itimerval * restrict,  struct itimerval * restrict)' {aka 'int(int,  const struct itimerval * restrict,  struct itimerval * restrict)'}
  155 | extern int setitimer (__itimer_which_t __which,
      |            ^~~~~~~~~
configure: failed program was:
#line 4208 "configure"
#include "confdefs.h"

#define NO_LIBRARY_PROTOTYPES
#define __COMM_C__
#define __ACT_OTHER_C__
#include "src/sysdep.h"
#ifdef setitimer
  error - already defined!
#endif
void setitimer(int a, char b, int c, char d, int e, char f, int g, char h);

int main() {

; return 0; }
configure:4252: checking if setrlimit is prototyped
configure:4274: gcc -c -g -O2  conftest.c 1>&5
configure:4267:6: error: conflicting types for 'setrlimit'; have 'void(int,  char,  int,  char,  int,  char,  int,  char)'
 4267 | void setrlimit(int a, char b, int c, char d, int e, char f, int g, char h);
      |      ^~~~~~~~~
In file included from src/sysdep.h:272,
                 from configure:4263:
/usr/include/x86_64-linux-gnu/sys/resource.h:70:12: note: previous declaration of 'setrlimit' with type 'int(__rlimit_resource_t,  const struct rlimit *)' {aka 'int(int,  const struct rlimit *)'}
   70 | extern int setrlimit (__rlimit_resource_t __resource,
      |            ^~~~~~~~~
configure: failed program was:
#line 4258 "configure"
#include "confdefs.h"

#define NO_LIBRARY_PROTOTYPES
#define __COMM_C__
#define __ACT_OTHER_C__
#include "src/sysdep.h"
#ifdef setrlimit
  error - already defined!
#endif
void setrlimit(int a, char b, int c, char d, int e, char f, int g, char h);

int main() {

; return 0; }
configure:4302: checking if setsockopt is prototyped
configure:4324: gcc -c -g -O2  conftest.c 1>&5
configure:4317:6: error: conflicting types for 'setsockopt'; have 'void(int,  char,  int,  char,  int,  char,  int,  char)'
 4317 | void setsockopt(int a, char b, int c, char d, int e, char f, int g, char h);
      |      ^~~~~~~~~~
In file included from src/sysdep.h:268,
                 from configure:4313:
/usr/include/x86_64-linux-gnu/sys/socket.h:277:12: note: previous declaration of 'setsockopt' with type 'int(int,  int,  int,  const void *, socklen_t)' {aka 'int(int,  int,  int,  const void *, unsigned int)'}
  277 | extern int setsockopt (int __fd, int __level, int __optname,
      |            ^~~~~~~~~~
configure: failed program was:
#line 4308 "configure"
#include "confdefs.h"

#define NO_LIBRARY_PROTOTYPES
#define __COMM_C__
#define __ACT_OTHER_C__
#include "src/sysdep.h"
#ifdef setsockopt
  error - already defined!
#endif
void setsockopt(int a, char b, int c, char d, int e, char f, int g, char h);

int main() {

; return 0; }
configure:4352: checking if snprintf is prototyped
configure:4374: gcc -c -g -O2  conftest.c 1>&5
configure:4367:6: error: conflicting types for 'snprintf'; have 'void(int,  char,  int,  char,  int,  char,  int,  char)'
 4367 | void snprintf(int a, char b, int c, char d, int e, char f, int g, char h);
      |      ^~~~~~~~
In file included from /usr/include/features.h:502,
                 from /usr/include/x86_64-linux-gnu/bits/libc-header-start.h:33,
                 from /usr/include/stdio.h:28,
                 from src/sysdep.h:132,
                 from configure:4363:
/usr/include/x86_64-linux-gnu/bits/stdio2.h:51:1: note: previous definition of 'snprintf' with type 'int(char *, size_t,  const char *, ...)' {aka 'int(char *, long unsigned int,  const char *, ...)'}
   51 | __NTH (snprintf (char *__restrict __s, size_t __n,
      | ^~~~~
configure: failed program was:
#line 4358 "configure"
#include "confdefs.h"

#define NO_LIBRARY_PROTOTYPES
#define __COMM_C__
#define __ACT_OTHER_C__
#include "src/sysdep.h"
#ifdef snprintf
  error - already defined!
#endif
void snprintf(int a, char b, int c, char d, int e, char f, int g, char h);

int main() {

; return 0; }
configure:4402: checking if socket is prototyped
configure:4424: gcc -c -g -O2  conftest.c 1>&5
configure:4417:6: error: conflicting types for 'socket'; have 'void(int,  char,  int,  char,  int,  char,  int,  char)'
 4417 | void socket(int a, char b, int c, char d, int e, char f, int g, char h);
      |      ^~~~~~
In file included from src/sysdep.h:268,
                 from configure:4413:
/usr/include/x86_64-linux-gnu/sys/socket.h:102:12: note: previous declaration of 'socket' with type 'int(int,  int,  int)'
  102 | extern int socket (int __domain, int __type, int __protocol) __THROW;
      |            ^~~~~~
configure: failed program was:
#line 4408 "configure"
#include "confdefs.h"

#define NO_LIBRARY_PROTOTYPES
#define __COMM_C__
#define __ACT_OTHER_C__
#include "src/sysdep.h"
#ifdef socket
  error - already defined!
#endif
void socket(int a, char b, int c, char d, int e, char f, int g, char h);

int main() {

; return 0; }
configure:4452: checking if sprintf is prototyped
configure:4474: gcc -c -g -O2  conftest.c 1>&5
configure:4467:6: error: conflicting types for 'sprintf'; have 'void(int,  char,  int,  char,  int,  char,  int,  char)'
 4467 | void sprintf(int a, char b, int c, char d, int e, char f, int g, char h);
      |      ^~~~~~~
In file included from /usr/include/features.h:502,
                 from /usr/include/x86_64-linux-gnu/bits/libc-header-start.h:33,
                 from /usr/include/stdio.h:28,
                 from src/sysdep.h:132,
                 from configure:4463:
/usr/include/x86_64-linux-gnu/bits/stdio2.h:28:1: note: previous definition of 'sprintf' with type 'int(char *, const char *, ...)'
   28 | __NTH (sprintf (char *__restrict __s, const char *__restrict __fmt, ...))
      | ^~~~~
configure: failed program was:
#line 4458 "configure"
#include "confdefs.h"

#define NO_LIBRARY_PROTOTYPES
#define __COMM_C__
#define __ACT_OTHER_C__
#include "src/sysdep.h"
#ifdef sprintf
  error - already defined!
#endif
void sprintf(int a, char b, int c, char d, int e, char f, int g, char h);

int main() {

; return 0; }
configure:4502: checking if sscanf is prototyped
configure:4524: gcc -c -g -O2  conftest.c 1>&5
configure:4517:6: error: conflicting types for 'sscanf'; have 'void(int,  char,  int,  char,  int,  char,  int,  char)'
 4517 | void sscanf(int a, char b, int c, char d, int e, char f, int g, char h);
      |      ^~~~~~
In file included from /usr/include/features.h:502,
                 from /usr/include/x86_64-linux-gnu/bits/libc-header-start.h:33,
                 from /usr/include/stdio.h:28,
                 from src/sysdep.h:132,
                 from configure:4513:
/usr/include/stdio.h:468:12: note: previous declaration of 'sscanf' with type 'int(const char *, const char *, ...)'
  468 | extern int __REDIRECT_NTH (sscanf, (const char *__restrict __s,
      |            ^~~~~~~~~~~~~~
configure: failed program was:
#line 4508 "configure"
#include "confdefs.h"

#define NO_LIBRARY_PROTOTYPES
#define __COMM_C__
#define __ACT_OTHER_C__
#include "src/sysdep.h"
#ifdef sscanf
  error - already defined!
#endif
void sscanf(int a, char b, int c, char d, int e, char f, int g, char h);

int main() {

; return 0; }
configure:4552: checking if strcasecmp is prototyped
configure:4574: gcc -c -g -O2  conftest.c 1>&5
configure:4567:6: error: conflicting types for 'strcasecmp'; have 'void(int,  char,  int,  char,  int,  char,  int,  char)'
 4567 | void strcasecmp(int a, char b, int c, char d, int e, char f, int g, char h);
      |      ^~~~~~~~~~
In file included from /usr/include/string.h:462,
                 from src/sysdep.h:137,
                 from configure:4563:
/usr/include/strings.h:116:12: note: previous declaration of 'strcasecmp' with type 'int(const char *, const char *)'
  116 | extern int strcasecmp (const char *__s1, const char *__s2)
      |            ^~~~~~~~~~
configure: failed program was:
#line 4558 "configure"
#include "confdefs.h"

#define NO_LIBRARY_PROTOTYPES
#define __COMM_C__
#define __ACT_OTHER_C__
#include "src/sysdep.h"
#ifdef strcasecmp
  error - already defined!
#endif
void strcasecmp(int a, char b, int c, char d, int e, char f, int g, char h);

int main() {

; return 0; }
configure:4602: checking if strdup is prototyped
configure:4624: gcc -c -g -O2  conftest.c 1>&5
configure:4617:6: error: conflicting types for 'strdup'; have 'void(int,  char,  int,  char,  int,  char,  int,  char)'
 4617 | void strdup(int a, char b, int c, char d, int e, char f, int g, char h);
      |      ^~~~~~
In file included from src/sysdep.h:137,
                 from configure:4613:
/usr/include/string.h:187:14: note: previous declaration of 'strdup' with type 'char *(const char *)'
  187 | extern char *strdup (const char *__s)
      |              ^~~~~~
configure: failed program was:
#line 4608 "configure"
#include "confdefs.h"

#define NO_LIBRARY_PROTOTYPES
#define __COMM_C__
#define __ACT_OTHER_C__
#include "src/sysdep.h"
#ifdef strdup
  error - already defined!
#endif
void strdup(int a, char b, int c, char d, int e, char f, int g, char h);

int main() {

; return 0; }
configure:4652: checking if strerror is prototyped
configure:4674: gcc -c -g -O2  conftest.c 1>&5
configure:4667:6: error: conflicting types for 'strerror'; have 'void(int,  char,  int,  char,  int,  char,  int,  char)'
 4667 | void strerror(int a, char b, int c, char d, int e, char f, int g, char h);
      |      ^~~~~~~~
In file included from src/sysdep.h:137,
                 from configure:4663:
/usr/include/string.h:419:14: note: previous declaration of 'strerror' with type 'char *(int)'
  419 | extern char *strerror (int __errnum) __THROW;
      |              ^~~~~~~~
configure: failed program was:
#line 4658 "configure"
#include "confdefs.h"

#define NO_LIBRARY_PROTOTYPES
#define __COMM_C__
#define __ACT_OTHER_C__
#include "src/sysdep.h"
#ifdef strerror
  error - already defined!
#endif
void strerror(int a, char b, int c, char d, int e, char f, int g, char h);

int main() {

; return 0; }
configure:4702: checking if stricmp is prototyped
configure:4724: gcc -c -g -O2  conftest.c 1>&5
configure:4752: checking if strlcpy is prototyped
configure:4774: gcc -c -g -O2  conftest.c 1>&5
configure:4767:6: error: conflicting types for 'strlcpy'; have 'void(int,  char,  int,  char,  int,  char,  int,  char)'
 4767 | void strlcpy(int a, char b, int c, char d, int e, char f, int g, char h);
      |      ^~~~~~~
In file included from /usr/include/features.h:502,
                 from /usr/include/x86_64-linux-gnu/bits/libc-header-start.h:33,
                 from /usr/include/stdio.h:28,
                 from src/sysdep.h:132,
                 from configure:4763:
/usr/include/x86_64-linux-gnu/bits/string_fortified.h:150:1: note: previous definition of 'strlcpy' with type 'size_t(char * restrict,  const char * restrict,  size_t)' {aka 'long unsigned int(char * restrict,  const char * restrict,  long unsigned int)'}
  150 | __NTH (strlcpy (char *__restrict __dest, const char *__restrict __src,
      | ^~~~~
configure: failed program was:
#line 4758 "configure"
#include "confdefs.h"

#define NO_LIBRARY_PROTOTYPES
#define __COMM_C__
#define __ACT_OTHER_C__
#include "src/sysdep.h"
#ifdef strlcpy
  error - already defined!
#endif
void strlcpy(int a, char b, int c, char d, int e, char f, int g, char h);

int main() {

; return 0; }
configure:4802: checking if strncasecmp is prototyped
configure:4824: gcc -c -g -O2  conftest.c 1>&5
configure:4817:6: error: conflicting types for 'strncasecmp'; have 'void(int,  char,  int,  char,  int,  char,  int,  char)'
 4817 | void strncasecmp(int a, char b, int c, char d, int e, char f, int g, char h);
      |      ^~~~~~~~~~~
In file included from /usr/include/string.h:462,
                 from src/sysdep.h:137,
                 from configure:4813:
/usr/include/strings.h:120:12: note: previous declaration of 'strncasecmp' with type 'int(const char *, const char *, size_t)' {aka 'int(const char *, const char *, long unsigned int)'}
  120 | extern int strncasecmp (const char *__s1, const char *__s2, size_t __n)
      |            ^~~~~~~~~~~
configure: failed program was:
#line 4808 "configure"
#include "confdefs.h"

#define NO_LIBRARY_PROTOTYPES
#define __COMM_C__
#define __ACT_OTHER_C__
#include "src/sysdep.h"
#ifdef strncasecmp
  error - already defined!
#endif
void strncasecmp(int a, char b, int c, char d, int e, char f, int g, char h);

int main() {

; return 0; }
configure:4852: checking if strnicmp is prototyped
configure:4874: gcc -c -g -O2  conftest.c 1>&5
configure:4902: checking if system is prototyped
configure:4924: gcc -c -g -O2  conftest.c 1>&5
configure:4917:6: error: conflicting types for 'system'; have 'void(int,  char,  int,  char,  int,  char,  int,  char)'
 4917 | void system(int a, char b, int c, char d, int e, char f, int g, char h);
      |      ^~~~~~
In file included from src/sysdep.h:146,
                 from configure:4913:
/usr/include/stdlib.h:923:12: note: previous declaration of 'system' with type 'int(const char *)'
  923 | extern int system (const char *__command) __wur;
      |            ^~~~~~
configure: failed program was:
#line 4908 "configure"
#include "confdefs.h"

#define NO_LIBRARY_PROTOTYPES
#define __COMM_C__
#define __ACT_OTHER_C__
#include "src/sysdep.h"
#ifdef system
  error - already defined!
#endif
void system(int a, char b, int c, char d, int e, char f, int g, char h);

int main() {

; return 0; }
configure:4952: checking if time is prototyped
configure:4974: gcc -c -g -O2  conftest.c 1>&5
configure:4967:6: error: conflicting types for 'time'; have 'void(int,  char,  int,  char,  int,  char,  int,  char)'
 4967 | void time(int a, char b, int c, char d, int e, char f, int g, char h);
      |      ^~~~
In file included from src/sysdep.h:229,
                 from configure:4963:
/usr/include/time.h:76:15: note: previous declaration of 'time' with type 'time_t(time_t *)' {aka 'long int(long int *)'}
   76 | extern time_t time (time_t *__timer) __THROW;
      |               ^~~~
configure: failed program was:
#line 4958 "configure"
#include "confdefs.h"

#define NO_LIBRARY_PROTOTYPES
#define __COMM_C__
#define __ACT_OTHER_C__
#include "src/sysdep.h"
#ifdef time
  error - already defined!
#endif
void time(int a, char b, int c, char d, int e, char f, int g, char h);

int main() {

; return 0; }
configure:5002: checking if unlink is prototyped
configure:5024: gcc -c -g -O2  conftest.c 1>&5
configure:5017:6: error: conflicting types for 'unlink'; have 'void(int,  char,  int,  char,  int,  char,  int,  char)'
 5017 | void unlink(int a, char b, int c, char d, int e, char f, int g, char h);
      |      ^~~~~~
In file included from src/sysdep.h:172,
                 from configure:5013:
/usr/include/unistd.h:858:12: note: previous declaration of 'unlink' with type 'int(const char *)'
  858 | extern int unlink (const char *__name) __THROW __nonnull ((1));
      |            ^~~~~~
configure: failed program was:
#line 5008 "configure"
#include "confdefs.h"

#define NO_LIBRARY_PROTOTYPES
#define __COMM_C__
#define __ACT_OTHER_C__
#include "src/sysdep.h"
#ifdef unlink
  error - already defined!
#endif
void unlink(int a, char b, int c, char d, int e, char f, int g, char h);

int main() {

; return 0; }
configure:5052: checking if vsnprintf is prototyped
configure:5074: gcc -c -g -O2  conftest.c 1>&5
configure:5067:6: error: conflicting types for 'vsnprintf'; have 'void(int,  char,  int,  char,  int,  char,  int,  char)'
 5067 | void vsnprintf(int a, char b, int c, char d, int e, char f, int g, char h);
      |      ^~~~~~~~~
In file included from /usr/include/features.h:502,
                 from /usr/include/x86_64-linux-gnu/bits/libc-header-start.h:33,
                 from /usr/include/stdio.h:28,
                 from src/sysdep.h:132,
                 from configure:5063:
/usr/include/x86_64-linux-gnu/bits/stdio2.h:65:1: note: previous definition of 'vsnprintf' with type 'int(char *, size_t,  const char *, __va_list_tag *)' {aka 'int(char *, long unsigned int,  const char *, __va_list_tag *)'}
   65 | __NTH (vsnprintf (char *__restrict __s, size_t __n,
      | ^~~~~
configure: failed program was:
#line 5058 "configure"
#include "confdefs.h"

#define NO_LIBRARY_PROTOTYPES
#define __COMM_C__
#define __ACT_OTHER_C__
#include "src/sysdep.h"
#ifdef vsnprintf
  error - already defined!
#endif
void vsnprintf(int a, char b, int c, char d, int e, char f, int g, char h);

int main() {

; return 0; }
configure:5102: checking if write is prototyped
configure:5124: gcc -c -g -O2  conftest.c 1>&5
configure:5117:6: error: conflicting types for 'write'; have 'void(int,  char,  int,  char,  int,  char,  int,  char)'
 5117 | void write(int a, char b, int c, char d, int e, char f, int g, char h);
      |      ^~~~~
In file included from src/sysdep.h:172,
                 from configure:5113:
/usr/include/unistd.h:378:16: note: previous declaration of 'write' with type 'ssize_t(int,  const void *, size_t)' {aka 'long int(int,  const void *, long unsigned int)'}
  378 | extern ssize_t write (int __fd, const void *__buf, size_t __n) __wur
      |                ^~~~~
configure: failed program was:
#line 5108 "configure"
#include "confdefs.h"

#define NO_LIBRARY_PROTOTYPES
#define __COMM_C__
#define __ACT_OTHER_C__
#include "src/sysdep.h"
#ifdef write
  error - already defined!
#endif
void write(int a, char b, int c, char d, int e, char f, int g, char h);

int main() {

; return 0; }
